<?xml version="1.0" encoding="UTF-8"?>
<!-- Generated by org.testng.reporters.JUnitXMLReporter -->
<testsuite ignored="0" hostname="LAPTOP-HED3AQD8" failures="2" tests="3" name="Test" time="6.34" errors="0" timestamp="2025-08-05T23:07:46 IST">
  <testcase classname="myfirstcode.submitOrder" name="submitOrderTest" time="0.011">
    <failure type="org.testng.internal.reflect.MethodMatcherException" message="
[public void myfirstcode.submitOrder.submitOrderTest(java.util.HashMap)] has no parameters defined but was found to be using a data provider (either explicitly specified or inherited from class level annotation).
Data provider mismatch
Method: submitOrderTest([java.util.HashMap&amp;lt;java.lang.String, java.lang.String&amp;gt; arg0])
Arguments: [(java.lang.String) vigupta.kws@gmail.com,(java.lang.String) P@ssw0rd@94]">
      <![CDATA[org.testng.internal.reflect.MethodMatcherException: 
[public void myfirstcode.submitOrder.submitOrderTest(java.util.HashMap)] has no parameters defined but was found to be using a data provider (either explicitly specified or inherited from class level annotation).
Data provider mismatch
Method: submitOrderTest([java.util.HashMap<java.lang.String, java.lang.String> arg0])
Arguments: [(java.lang.String) vigupta.kws@gmail.com,(java.lang.String) P@ssw0rd@94]
at java.base/java.util.ArrayList.forEach(ArrayList.java:1596)
... Removed 22 stack frames]]>
    </failure>
  </testcase> <!-- submitOrderTest -->
  <testcase classname="myfirstcode.submitOrder" name="values" time="0.0">
    <failure type="org.testng.internal.reflect.MethodMatcherException" message="
[public void myfirstcode.submitOrder.values(java.util.HashMap)] has no parameters defined but was found to be using a data provider (either explicitly specified or inherited from class level annotation).
Data provider mismatch
Method: values([java.util.HashMap&amp;lt;java.lang.String, java.lang.String&amp;gt; arg0])
Arguments: [(java.lang.String) vigupta.kws@gmail.com,(java.lang.String) P@ssw0rd@94]">
      <![CDATA[org.testng.internal.reflect.MethodMatcherException: 
[public void myfirstcode.submitOrder.values(java.util.HashMap)] has no parameters defined but was found to be using a data provider (either explicitly specified or inherited from class level annotation).
Data provider mismatch
Method: values([java.util.HashMap<java.lang.String, java.lang.String> arg0])
Arguments: [(java.lang.String) vigupta.kws@gmail.com,(java.lang.String) P@ssw0rd@94]
at java.base/java.util.ArrayList.forEach(ArrayList.java:1596)
... Removed 22 stack frames]]>
    </failure>
  </testcase> <!-- values -->
  <testcase classname="myfirstcode.end2end2ByTestNG" name="getDetails" time="6.273"/>
</testsuite> <!-- Test -->
