<?xml version="1.0" encoding="UTF-8"?>
<testng-results ignored="0" total="1" passed="1" failed="0" skipped="0">
  <reporter-output>
  </reporter-output>
  <suite started-at="2025-08-10T17:14:38 IST" name="Suite" finished-at="2025-08-10T17:14:45 IST" duration-ms="6784">
    <groups>
    </groups>
    <test started-at="2025-08-10T17:14:38 IST" name="Test" finished-at="2025-08-10T17:14:45 IST" duration-ms="6784">
      <class name="myfirstcode.end2end2ByTestNG">
        <test-method signature="getDetails()[pri:0, instance:myfirstcode.end2end2ByTestNG@393671df]" started-at="2025-08-10T17:14:38 IST" name="getDetails" finished-at="2025-08-10T17:14:45 IST" duration-ms="6741" status="PASS">
          <reporter-output>
          </reporter-output>
        </test-method> <!-- getDetails -->
      </class> <!-- myfirstcode.end2end2ByTestNG -->
    </test> <!-- Test -->
  </suite> <!-- Suite -->
</testng-results>
