<?xml version="1.0" encoding="UTF-8"?>
<testng-results ignored="0" total="1" passed="1" failed="0" skipped="0">
  <reporter-output>
  </reporter-output>
  <suite started-at="2025-08-09T22:45:24 IST" name="Default suite" finished-at="2025-08-09T22:45:29 IST" duration-ms="4598">
    <groups>
    </groups>
    <test started-at="2025-08-09T22:45:24 IST" name="Default test" finished-at="2025-08-09T22:45:29 IST" duration-ms="4598">
      <class name="myfirstcode.end2end2ByTestNG">
        <test-method signature="getDetails()[pri:0, instance:myfirstcode.end2end2ByTestNG@6c6cb480]" started-at="2025-08-09T22:45:24 IST" name="getDetails" finished-at="2025-08-09T22:45:29 IST" duration-ms="4555" status="PASS">
          <reporter-output>
          </reporter-output>
        </test-method> <!-- getDetails -->
      </class> <!-- myfirstcode.end2end2ByTestNG -->
    </test> <!-- Default test -->
  </suite> <!-- Default suite -->
</testng-results>
